1686203784186:michel
1686204246322:exit
1686204332929:srapp
1686204336124:scrapp
1686204356847:exit
1686211340473:help
1686637499701:scrapp runtrail
1686637753712:q
1686637755716:exit
1686637776945:scrapp runtrail
1686637872232:exit
1686637902342:scrapp runtrail
1686639674070:scrapp runtrail 1
1686639728661:scrapp runtrail 2
1686640064873:scrapp runtrail
1686640076896:scrapp runtrail 1
1686640680123:scrapp runtrail 2
1686641268173:scrapp runtrail 4
1686641279067:scrapp runtrail 1
1686641308488:scrapp runtrail 9
1686641316392:scrapp runtrail 13
1686641325288:scrapp runtrail 19
1686641952663:scrapp runtrail 2
1686642068331:scrapp runtrail 12
1686642118391:scrapp runtrail 2
1686642125447:scrapp runtrail 9
1686642134191:scrapp runtrail 18
1686642283730:scrapp runtrail 12
1686642411703:scrapp runtrail 18
1686642476095:scrapp runtrail 12
1686642539484:scrapp runtrail 18
1686643994548:scrapp runtrail 12
1686644072878:scrapp runtrail 18
1686644135075:scrapp runtrail 12
1686644320367:scrapp runtrail 18
1686644350240:scrapp runtrail 1
1686644522428:scrapp runtrail 12
1686644530484:scrapp runtrail 19
1686644632736:scrapp runtrail 1
1686644665130:scrapp runtrail 2
1686644985039:delete all
1686645240210:delete al
1686645242992:delete all
1686646132667:scrapp protiming
1686646165195:count
1686646174349:count la nocturne de bouliac
1686646292477:count Trail des trottebiots
1686646492082:count La gobionne
1686646669942:count la nocturne de bouliac
1686646741099:count Marathon des villages
1686646790851:count Entre terre et mer
1686647252582:count 'Entre terre et mer'
1686647403322:count 'Trail des trottebiots'
1686647423534:count 'la nocturne de bouliac'
1686647772800:count 'Entre terre et mer'
1686647863902:count 'Marathon des villages'
1686648041225:scrapp runtrail 1
1686648052540:scrapp runtrail 2
1686648060653:scrapp runtrail 3
1686648067613:scrapp runtrail 4
1686648076038:scrapp runtrail 5
1686648574869:delete all
1686648582061:scrapp runtrail
1686648747015:scrapp protiming
1686648802334:scrapp runtrail
1686649370624:c
1686649389692:scrapp runtrail
1686649423640:c
1686649425585:scrapp runtrail
1686649821384:clean
1686650723972:scrapper runtrail
1686650729755:scrapp runtrail
1686651279376:delete all
1686651284615:scrapp runtrail
1686734462037:delete all
1686734474884:scrapp protiming
1686735246894:scrapp kilkego
1686737278669:scrappp kilkego
1686737285732:scrapp kilkego
1686738065745:scrapp kilkego 1
1686738072768:scrapp kilkego
1686738218298:scrapp kilkego 1
1686738383187:scrapp kilkego 3
1686738435488:scrapp kilkego 12
1686738447120:scrapp kilkego 1
